[debug] [2021-10-25T16:03:18.031Z] ----------------------------------------------------------------------
[debug] [2021-10-25T16:03:18.034Z] Command:       C:\Program Files\nodejs\node.exe C:\Users\Vincent\AppData\Roaming\npm\node_modules\firebase-tools\lib\bin\firebase.js login
[debug] [2021-10-25T16:03:18.035Z] CLI Version:   9.18.0
[debug] [2021-10-25T16:03:18.035Z] Platform:      win32
[debug] [2021-10-25T16:03:18.035Z] Node Version:  v14.17.6
[debug] [2021-10-25T16:03:18.041Z] Time:          Mon Oct 25 2021 16:03:18 GMT+0000 (Coordinated Universal Time)
[debug] [2021-10-25T16:03:18.041Z] ----------------------------------------------------------------------
[debug] 
[debug] [2021-10-25T16:03:18.044Z] >>> [apiv2][query] GET https://firebase-public.firebaseio.com/cli.json [none]
[info] i  Firebase optionally collects CLI usage and error reporting information to help improve our products. Data is collected in accordance with Google's privacy policy (https://policies.google.com/privacy) and is not used to identify you.
 
[debug] [2021-10-25T16:03:19.526Z] <<< [apiv2][status] GET https://firebase-public.firebaseio.com/cli.json 200
[debug] [2021-10-25T16:03:19.526Z] <<< [apiv2][body] GET https://firebase-public.firebaseio.com/cli.json {"cloudBuildErrorAfter":1594252800000,"cloudBuildWarnAfter":1590019200000,"defaultNode10After":1594252800000,"minVersion":"3.0.5","node8DeploysDisabledAfter":1613390400000,"node8RuntimeDisabledAfter":1615809600000,"node8WarnAfter":1600128000000}
[info] i  To change your data collection preference at any time, run `firebase logout` and log in again. 
[info] 
[info] Visit this URL on this device to log in:
[info] https://accounts.google.com/o/oauth2/auth?client_id=563584335869-fgrhgmd47bqnekij5i8b5pr03ho849e6.apps.googleusercontent.com&scope=email%20openid%20https%3A%2F%2Fwww.googleapis.com%2Fauth%2Fcloudplatformprojects.readonly%20https%3A%2F%2Fwww.googleapis.com%2Fauth%2Ffirebase%20https%3A%2F%2Fwww.googleapis.com%2Fauth%2Fcloud-platform&response_type=code&state=229607951&redirect_uri=http%3A%2F%2Flocalhost%3A9005
[info] 
[info] Waiting for authentication...
[debug] [2021-10-25T16:03:22.084Z] Error: spawn cmd ENOENT
    at Process.ChildProcess._handle.onexit (internal/child_process.js:269:19)
    at onErrorNT (internal/child_process.js:467:16)
    at processTicksAndRejections (internal/process/task_queues.js:82:21)
[error] 
[error] Error: An unexpected error has occurred.
[debug] [2021-10-25T16:04:30.466Z] ----------------------------------------------------------------------
[debug] [2021-10-25T16:04:30.469Z] Command:       C:\Program Files\nodejs\node.exe C:\Users\Vincent\AppData\Roaming\npm\node_modules\firebase-tools\lib\bin\firebase.js login
[debug] [2021-10-25T16:04:30.469Z] CLI Version:   9.18.0
[debug] [2021-10-25T16:04:30.469Z] Platform:      win32
[debug] [2021-10-25T16:04:30.470Z] Node Version:  v14.17.6
[debug] [2021-10-25T16:04:30.470Z] Time:          Mon Oct 25 2021 16:04:30 GMT+0000 (Coordinated Universal Time)
[debug] [2021-10-25T16:04:30.470Z] ----------------------------------------------------------------------
[debug] 
[info] i  Firebase optionally collects CLI usage and error reporting information to help improve our products. Data is collected in accordance with Google's privacy policy (https://policies.google.com/privacy) and is not used to identify you.
 
[info] i  To change your data collection preference at any time, run `firebase logout` and log in again. 
[info] 
[info] Visit this URL on this device to log in:
[info] https://accounts.google.com/o/oauth2/auth?client_id=563584335869-fgrhgmd47bqnekij5i8b5pr03ho849e6.apps.googleusercontent.com&scope=email%20openid%20https%3A%2F%2Fwww.googleapis.com%2Fauth%2Fcloudplatformprojects.readonly%20https%3A%2F%2Fwww.googleapis.com%2Fauth%2Ffirebase%20https%3A%2F%2Fwww.googleapis.com%2Fauth%2Fcloud-platform&response_type=code&state=807218118&redirect_uri=http%3A%2F%2Flocalhost%3A9005
[info] 
[info] Waiting for authentication...
[debug] [2021-10-25T16:04:39.073Z] Error: spawn cmd ENOENT
    at Process.ChildProcess._handle.onexit (internal/child_process.js:269:19)
    at onErrorNT (internal/child_process.js:467:16)
    at processTicksAndRejections (internal/process/task_queues.js:82:21)
[error] 
[error] Error: An unexpected error has occurred.
[debug] [2021-10-25T16:06:22.692Z] ----------------------------------------------------------------------
[debug] [2021-10-25T16:06:22.695Z] Command:       C:\Program Files\nodejs\node.exe C:\Users\Vincent\AppData\Roaming\npm\node_modules\firebase-tools\lib\bin\firebase.js login
[debug] [2021-10-25T16:06:22.695Z] CLI Version:   9.21.0
[debug] [2021-10-25T16:06:22.695Z] Platform:      win32
[debug] [2021-10-25T16:06:22.695Z] Node Version:  v14.17.6
[debug] [2021-10-25T16:06:22.696Z] Time:          Mon Oct 25 2021 16:06:22 GMT+0000 (Coordinated Universal Time)
[debug] [2021-10-25T16:06:22.696Z] ----------------------------------------------------------------------
[debug] 
[info] i  Firebase optionally collects CLI usage and error reporting information to help improve our products. Data is collected in accordance with Google's privacy policy (https://policies.google.com/privacy) and is not used to identify you.
 
[info] i  To change your data collection preference at any time, run `firebase logout` and log in again. 
[info] 
[info] Visit this URL on this device to log in:
[info] https://accounts.google.com/o/oauth2/auth?client_id=563584335869-fgrhgmd47bqnekij5i8b5pr03ho849e6.apps.googleusercontent.com&scope=email%20openid%20https%3A%2F%2Fwww.googleapis.com%2Fauth%2Fcloudplatformprojects.readonly%20https%3A%2F%2Fwww.googleapis.com%2Fauth%2Ffirebase%20https%3A%2F%2Fwww.googleapis.com%2Fauth%2Fcloud-platform&response_type=code&state=475249408&redirect_uri=http%3A%2F%2Flocalhost%3A9005
[info] 
[info] Waiting for authentication...
[debug] [2021-10-25T16:06:24.327Z] Error: spawn cmd ENOENT
    at Process.ChildProcess._handle.onexit (internal/child_process.js:269:19)
    at onErrorNT (internal/child_process.js:467:16)
    at processTicksAndRejections (internal/process/task_queues.js:82:21)
[error] 
[error] Error: An unexpected error has occurred.
[debug] [2021-10-25T16:07:28.595Z] ----------------------------------------------------------------------
[debug] [2021-10-25T16:07:28.597Z] Command:       C:\Program Files\nodejs\node.exe C:\Users\Vincent\AppData\Roaming\npm\node_modules\firebase-tools\lib\bin\firebase.js login
[debug] [2021-10-25T16:07:28.598Z] CLI Version:   9.21.0
[debug] [2021-10-25T16:07:28.598Z] Platform:      win32
[debug] [2021-10-25T16:07:28.598Z] Node Version:  v14.17.6
[debug] [2021-10-25T16:07:28.599Z] Time:          Mon Oct 25 2021 16:07:28 GMT+0000 (Coordinated Universal Time)
[debug] [2021-10-25T16:07:28.599Z] ----------------------------------------------------------------------
[debug] 
[info] i  Firebase optionally collects CLI usage and error reporting information to help improve our products. Data is collected in accordance with Google's privacy policy (https://policies.google.com/privacy) and is not used to identify you.
 
[info] i  To change your data collection preference at any time, run `firebase logout` and log in again. 
[info] 
[info] Visit this URL on this device to log in:
[info] https://accounts.google.com/o/oauth2/auth?client_id=563584335869-fgrhgmd47bqnekij5i8b5pr03ho849e6.apps.googleusercontent.com&scope=email%20openid%20https%3A%2F%2Fwww.googleapis.com%2Fauth%2Fcloudplatformprojects.readonly%20https%3A%2F%2Fwww.googleapis.com%2Fauth%2Ffirebase%20https%3A%2F%2Fwww.googleapis.com%2Fauth%2Fcloud-platform&response_type=code&state=174091831&redirect_uri=http%3A%2F%2Flocalhost%3A9005
[info] 
[info] Waiting for authentication...
[debug] [2021-10-25T16:07:33.005Z] Error: spawn cmd ENOENT
    at Process.ChildProcess._handle.onexit (internal/child_process.js:269:19)
    at onErrorNT (internal/child_process.js:467:16)
    at processTicksAndRejections (internal/process/task_queues.js:82:21)
[error] 
[error] Error: An unexpected error has occurred.
